<?xml version="1.0" encoding="UTF-8"?>
<!-- Generated by org.testng.reporters.JUnitXMLReporter -->
<testsuite ignored="0" hostname="AnuPC" failures="0" tests="3" name="Command line test" time="0.031" errors="0" timestamp="2020-06-30T16:06:06 GST">
  <testcase classname="qamilestone.FirstTest" name="login" time="0.003"/>
  <testcase classname="qamilestone.FirstTest" name="logout" time="0.0"/>
  <testcase classname="qamilestone.FirstTest" name="working" time="0.0"/>
</testsuite> <!-- Command line test -->
