<?xml version="1.0" encoding="UTF-8"?>
<testng-results ignored="0" total="3" passed="3" failed="0" skipped="0">
  <reporter-output>
  </reporter-output>
  <suite started-at="2020-06-30T16:06:06 GST" name="qamilestone.FirstTest" finished-at="2020-06-30T16:06:06 GST" duration-ms="31">
    <groups>
    </groups>
    <test started-at="2020-06-30T16:06:06 GST" name="Command line test" finished-at="2020-06-30T16:06:06 GST" duration-ms="31">
      <class name="qamilestone.FirstTest">
        <test-method signature="login()[pri:0, instance:qamilestone.FirstTest@7f552bd3]" started-at="2020-06-30T16:06:06 GST" name="login" finished-at="2020-06-30T16:06:06 GST" duration-ms="3" status="PASS">
          <reporter-output>
          </reporter-output>
        </test-method> <!-- login -->
        <test-method signature="logout()[pri:0, instance:qamilestone.FirstTest@7f552bd3]" started-at="2020-06-30T16:06:06 GST" name="logout" finished-at="2020-06-30T16:06:06 GST" duration-ms="0" status="PASS">
          <reporter-output>
          </reporter-output>
        </test-method> <!-- logout -->
        <test-method signature="working()[pri:0, instance:qamilestone.FirstTest@7f552bd3]" started-at="2020-06-30T16:06:06 GST" name="working" finished-at="2020-06-30T16:06:06 GST" duration-ms="0" status="PASS">
          <reporter-output>
          </reporter-output>
        </test-method> <!-- working -->
      </class> <!-- qamilestone.FirstTest -->
    </test> <!-- Command line test -->
  </suite> <!-- qamilestone.FirstTest -->
</testng-results>
